d:\users\admin\documents\annee4\partiel_annee4_s7\c++\projet_final\projet_final\debug\projet_final.pch
d:\users\admin\documents\annee4\partiel_annee4_s7\c++\projet_final\projet_final\debug\vc141.pdb
d:\users\admin\documents\annee4\partiel_annee4_s7\c++\projet_final\projet_final\debug\vc141.idb
d:\users\admin\documents\annee4\partiel_annee4_s7\c++\projet_final\projet_final\debug\stdafx.obj
d:\users\admin\documents\annee4\partiel_annee4_s7\c++\projet_final\projet_final\debug\asianoption.obj
d:\users\admin\documents\annee4\partiel_annee4_s7\c++\projet_final\projet_final\debug\binlattice.obj
d:\users\admin\documents\annee4\partiel_annee4_s7\c++\projet_final\projet_final\debug\blackscholes.obj
d:\users\admin\documents\annee4\partiel_annee4_s7\c++\projet_final\projet_final\debug\closedform.obj
d:\users\admin\documents\annee4\partiel_annee4_s7\c++\projet_final\projet_final\debug\europeanoption.obj
d:\users\admin\documents\annee4\partiel_annee4_s7\c++\projet_final\projet_final\debug\montecarlo.obj
d:\users\admin\documents\annee4\partiel_annee4_s7\c++\projet_final\projet_final\debug\noeud.obj
d:\users\admin\documents\annee4\partiel_annee4_s7\c++\projet_final\projet_final\debug\option.obj
d:\users\admin\documents\annee4\partiel_annee4_s7\c++\projet_final\projet_final\debug\projet_final.obj
d:\users\admin\documents\annee4\partiel_annee4_s7\c++\projet_final\projet_final\debug\tree.obj
d:\users\admin\documents\annee4\partiel_annee4_s7\c++\projet_final\projet_final\debug\americanoption.obj
d:\users\admin\documents\annee4\partiel_annee4_s7\c++\projet_final\debug\projet_final.exe
d:\users\admin\documents\annee4\partiel_annee4_s7\c++\projet_final\debug\projet_final.ilk
d:\users\admin\documents\annee4\partiel_annee4_s7\c++\projet_final\debug\projet_final.pdb
d:\users\admin\documents\annee4\partiel_annee4_s7\c++\projet_final\projet_final\debug\basketoption.obj
d:\users\admin\documents\annee4\partiel_annee4_s7\c++\projet_final\projet_final\debug\binlattice.obj.enc
d:\users\admin\documents\annee4\partiel_annee4_s7\c++\projet_final\projet_final\debug\projet_final.obj.enc
d:\users\admin\documents\annee4\partiel_annee4_s7\c++\projet_final\projet_final\debug\projet_final.tlog\cl.command.1.tlog
d:\users\admin\documents\annee4\partiel_annee4_s7\c++\projet_final\projet_final\debug\projet_final.tlog\cl.read.1.tlog
d:\users\admin\documents\annee4\partiel_annee4_s7\c++\projet_final\projet_final\debug\projet_final.tlog\cl.write.1.tlog
d:\users\admin\documents\annee4\partiel_annee4_s7\c++\projet_final\projet_final\debug\projet_final.tlog\link.command.1.tlog
d:\users\admin\documents\annee4\partiel_annee4_s7\c++\projet_final\projet_final\debug\projet_final.tlog\link.read.1.tlog
d:\users\admin\documents\annee4\partiel_annee4_s7\c++\projet_final\projet_final\debug\projet_final.tlog\link.write.1.tlog
